<?xml version="1.0" encoding="UTF-8"?>
<coverage generated="1677859031761" clover="3.2.0">
  <project timestamp="1677859031761" name="All files">
    <metrics statements="39" coveredstatements="34" conditionals="12" coveredconditionals="8" methods="8" coveredmethods="7" elements="59" coveredelements="49" complexity="0" loc="39" ncloc="39" packages="1" files="5" classes="5"/>
    <file name="font.enum.ts" path="/Users/justinlee/Documents/my-portfolio/config/font.enum.ts">
      <metrics statements="9" coveredstatements="6" conditionals="5" coveredconditionals="2" methods="2" coveredmethods="1"/>
      <line num="1" count="2" type="cond" truecount="2" falsecount="0"/>
      <line num="2" count="2" type="stmt"/>
      <line num="3" count="2" type="stmt"/>
      <line num="4" count="2" type="stmt"/>
      <line num="5" count="2" type="stmt"/>
      <line num="8" count="2" type="stmt"/>
      <line num="9" count="0" type="cond" truecount="0" falsecount="3"/>
      <line num="12" count="0" type="stmt"/>
      <line num="14" count="0" type="stmt"/>
    </file>
    <file name="get-page-defaults.function.ts" path="/Users/justinlee/Documents/my-portfolio/config/get-page-defaults.function.ts">
      <metrics statements="8" coveredstatements="7" conditionals="0" coveredconditionals="0" methods="2" coveredmethods="2"/>
      <line num="8" count="1" type="stmt"/>
      <line num="10" count="1" type="stmt"/>
      <line num="11" count="2" type="stmt"/>
      <line num="13" count="2" type="stmt"/>
      <line num="14" count="2" type="stmt"/>
      <line num="16" count="0" type="stmt"/>
      <line num="20" count="1" type="stmt"/>
      <line num="21" count="1" type="stmt"/>
    </file>
    <file name="load-font.function.ts" path="/Users/justinlee/Documents/my-portfolio/config/load-font.function.ts">
      <metrics statements="11" coveredstatements="10" conditionals="3" coveredconditionals="2" methods="2" coveredmethods="2"/>
      <line num="1" count="1" type="stmt"/>
      <line num="3" count="1" type="stmt"/>
      <line num="4" count="1" type="stmt"/>
      <line num="5" count="1" type="stmt"/>
      <line num="7" count="1" type="stmt"/>
      <line num="9" count="1" type="stmt"/>
      <line num="12" count="1" type="stmt"/>
      <line num="13" count="3" type="cond" truecount="2" falsecount="1"/>
      <line num="15" count="1" type="stmt"/>
      <line num="17" count="0" type="stmt"/>
      <line num="19" count="2" type="stmt"/>
    </file>
    <file name="slide-animation.enum.ts" path="/Users/justinlee/Documents/my-portfolio/config/slide-animation.enum.ts">
      <metrics statements="5" coveredstatements="5" conditionals="2" coveredconditionals="2" methods="1" coveredmethods="1"/>
      <line num="1" count="1" type="cond" truecount="2" falsecount="0"/>
      <line num="2" count="1" type="stmt"/>
      <line num="3" count="1" type="stmt"/>
      <line num="4" count="1" type="stmt"/>
      <line num="5" count="1" type="stmt"/>
    </file>
    <file name="theme.enum.ts" path="/Users/justinlee/Documents/my-portfolio/config/theme.enum.ts">
      <metrics statements="6" coveredstatements="6" conditionals="2" coveredconditionals="2" methods="1" coveredmethods="1"/>
      <line num="1" count="1" type="cond" truecount="2" falsecount="0"/>
      <line num="2" count="1" type="stmt"/>
      <line num="3" count="1" type="stmt"/>
      <line num="4" count="1" type="stmt"/>
      <line num="5" count="1" type="stmt"/>
      <line num="6" count="1" type="stmt"/>
    </file>
  </project>
</coverage>
