{
  "/Users/justinlee/Documents/my-portfolio/config/font.enum.ts": {
    "path": "/Users/justinlee/Documents/my-portfolio/config/font.enum.ts",
    "statementMap": {
      "0": {
        "start": { "line": 1, "column": 0 },
        "end": { "line": 1, "column": null }
      },
      "1": {
        "start": { "line": 2, "column": 2 },
        "end": { "line": 2, "column": null }
      },
      "2": {
        "start": { "line": 3, "column": 2 },
        "end": { "line": 3, "column": null }
      },
      "3": {
        "start": { "line": 4, "column": 2 },
        "end": { "line": 4, "column": null }
      },
      "4": {
        "start": { "line": 5, "column": 2 },
        "end": { "line": 5, "column": null }
      },
      "5": {
        "start": { "line": 9, "column": 2 },
        "end": { "line": 15, "column": null }
      },
      "6": {
        "start": { "line": 12, "column": 6 },
        "end": { "line": 12, "column": 18 }
      },
      "7": {
        "start": { "line": 14, "column": 6 },
        "end": { "line": 14, "column": 19 }
      },
      "8": {
        "start": { "line": 8, "column": 0 },
        "end": { "line": 8, "column": 16 }
      }
    },
    "fnMap": {
      "0": {
        "name": "(anonymous_0)",
        "decl": {
          "start": { "line": 1, "column": 0 },
          "end": { "line": 1, "column": 12 }
        },
        "loc": {
          "start": { "line": 1, "column": 16 },
          "end": { "line": 6, "column": 1 }
        }
      },
      "1": {
        "name": "needsLoading",
        "decl": {
          "start": { "line": 8, "column": 16 },
          "end": { "line": 8, "column": 28 }
        },
        "loc": {
          "start": { "line": 8, "column": 39 },
          "end": { "line": 16, "column": 1 }
        }
      }
    },
    "branchMap": {
      "0": {
        "loc": {
          "start": { "line": 1, "column": 12 },
          "end": { "line": 1, "column": null }
        },
        "type": "binary-expr",
        "locations": [
          {
            "start": { "line": 1, "column": 12 },
            "end": { "line": 1, "column": 16 }
          },
          {
            "start": { "line": 1, "column": 12 },
            "end": { "line": 1, "column": null }
          }
        ]
      },
      "1": {
        "loc": {
          "start": { "line": 9, "column": 2 },
          "end": { "line": 15, "column": null }
        },
        "type": "switch",
        "locations": [
          {
            "start": { "line": 10, "column": 4 },
            "end": { "line": 10, "column": 21 }
          },
          {
            "start": { "line": 11, "column": 4 },
            "end": { "line": 12, "column": 18 }
          },
          {
            "start": { "line": 13, "column": 4 },
            "end": { "line": 14, "column": 19 }
          }
        ]
      }
    },
    "s": {
      "0": 2,
      "1": 2,
      "2": 2,
      "3": 2,
      "4": 2,
      "5": 0,
      "6": 0,
      "7": 0,
      "8": 2
    },
    "f": { "0": 2, "1": 0 },
    "b": { "0": [2, 2], "1": [0, 0, 0] }
  },
  "/Users/justinlee/Documents/my-portfolio/config/get-page-defaults.function.ts": {
    "path": "/Users/justinlee/Documents/my-portfolio/config/get-page-defaults.function.ts",
    "statementMap": {
      "0": {
        "start": { "line": 8, "column": 19 },
        "end": { "line": 8, "column": 33 }
      },
      "1": {
        "start": { "line": 11, "column": 28 },
        "end": { "line": 11, "column": 62 }
      },
      "2": {
        "start": { "line": 13, "column": 2 },
        "end": { "line": 17, "column": null }
      },
      "3": {
        "start": { "line": 14, "column": 4 },
        "end": { "line": 14, "column": 41 }
      },
      "4": {
        "start": { "line": 16, "column": 4 },
        "end": { "line": 16, "column": 21 }
      },
      "5": {
        "start": { "line": 10, "column": 0 },
        "end": { "line": 10, "column": 16 }
      },
      "6": {
        "start": { "line": 21, "column": 2 },
        "end": { "line": 21, "column": 65 }
      },
      "7": {
        "start": { "line": 20, "column": 0 },
        "end": { "line": 20, "column": 16 }
      }
    },
    "fnMap": {
      "0": {
        "name": "getPageDefaults",
        "decl": {
          "start": { "line": 10, "column": 16 },
          "end": { "line": 10, "column": 31 }
        },
        "loc": {
          "start": { "line": 10, "column": 31 },
          "end": { "line": 18, "column": 1 }
        }
      },
      "1": {
        "name": "setPageDefaults",
        "decl": {
          "start": { "line": 20, "column": 16 },
          "end": { "line": 20, "column": 31 }
        },
        "loc": {
          "start": { "line": 20, "column": 54 },
          "end": { "line": 22, "column": 1 }
        }
      }
    },
    "branchMap": {},
    "s": { "0": 1, "1": 2, "2": 2, "3": 2, "4": 0, "5": 1, "6": 1, "7": 1 },
    "f": { "0": 2, "1": 1 },
    "b": {}
  },
  "/Users/justinlee/Documents/my-portfolio/config/load-font.function.ts": {
    "path": "/Users/justinlee/Documents/my-portfolio/config/load-font.function.ts",
    "statementMap": {
      "0": {
        "start": { "line": 1, "column": 0 },
        "end": { "line": 1, "column": 35 }
      },
      "1": {
        "start": { "line": 4, "column": 18 },
        "end": { "line": 4, "column": 34 }
      },
      "2": {
        "start": { "line": 5, "column": 19 },
        "end": { "line": 5, "column": 56 }
      },
      "3": {
        "start": { "line": 7, "column": 2 },
        "end": { "line": 7, "column": 31 }
      },
      "4": {
        "start": { "line": 9, "column": 2 },
        "end": { "line": 9, "column": 32 }
      },
      "5": {
        "start": { "line": 3, "column": 0 },
        "end": { "line": 3, "column": 16 }
      },
      "6": {
        "start": { "line": 13, "column": 2 },
        "end": { "line": 20, "column": null }
      },
      "7": {
        "start": { "line": 15, "column": 6 },
        "end": { "line": 15, "column": 89 }
      },
      "8": {
        "start": { "line": 17, "column": 6 },
        "end": { "line": 17, "column": 130 }
      },
      "9": {
        "start": { "line": 19, "column": 6 },
        "end": { "line": 19, "column": 49 }
      },
      "10": {
        "start": { "line": 12, "column": 0 },
        "end": { "line": 12, "column": 16 }
      }
    },
    "fnMap": {
      "0": {
        "name": "loadFont",
        "decl": {
          "start": { "line": 3, "column": 16 },
          "end": { "line": 3, "column": 24 }
        },
        "loc": {
          "start": { "line": 3, "column": 35 },
          "end": { "line": 10, "column": 1 }
        }
      },
      "1": {
        "name": "getFontUrl",
        "decl": {
          "start": { "line": 12, "column": 16 },
          "end": { "line": 12, "column": 26 }
        },
        "loc": {
          "start": { "line": 12, "column": 37 },
          "end": { "line": 21, "column": 1 }
        }
      }
    },
    "branchMap": {
      "0": {
        "loc": {
          "start": { "line": 13, "column": 2 },
          "end": { "line": 20, "column": null }
        },
        "type": "switch",
        "locations": [
          {
            "start": { "line": 14, "column": 4 },
            "end": { "line": 15, "column": 89 }
          },
          {
            "start": { "line": 16, "column": 4 },
            "end": { "line": 17, "column": 130 }
          },
          {
            "start": { "line": 18, "column": 4 },
            "end": { "line": 19, "column": 49 }
          }
        ]
      }
    },
    "s": {
      "0": 1,
      "1": 1,
      "2": 1,
      "3": 1,
      "4": 1,
      "5": 1,
      "6": 3,
      "7": 1,
      "8": 0,
      "9": 2,
      "10": 1
    },
    "f": { "0": 1, "1": 3 },
    "b": { "0": [1, 0, 2] }
  },
  "/Users/justinlee/Documents/my-portfolio/config/slide-animation.enum.ts": {
    "path": "/Users/justinlee/Documents/my-portfolio/config/slide-animation.enum.ts",
    "statementMap": {
      "0": {
        "start": { "line": 1, "column": 0 },
        "end": { "line": 1, "column": null }
      },
      "1": {
        "start": { "line": 2, "column": 2 },
        "end": { "line": 2, "column": null }
      },
      "2": {
        "start": { "line": 3, "column": 2 },
        "end": { "line": 3, "column": null }
      },
      "3": {
        "start": { "line": 4, "column": 2 },
        "end": { "line": 4, "column": null }
      },
      "4": {
        "start": { "line": 5, "column": 2 },
        "end": { "line": 5, "column": null }
      }
    },
    "fnMap": {
      "0": {
        "name": "(anonymous_0)",
        "decl": {
          "start": { "line": 1, "column": 0 },
          "end": { "line": 1, "column": 12 }
        },
        "loc": {
          "start": { "line": 1, "column": 26 },
          "end": { "line": 7, "column": 1 }
        }
      }
    },
    "branchMap": {
      "0": {
        "loc": {
          "start": { "line": 1, "column": 12 },
          "end": { "line": 1, "column": null }
        },
        "type": "binary-expr",
        "locations": [
          {
            "start": { "line": 1, "column": 12 },
            "end": { "line": 1, "column": 26 }
          },
          {
            "start": { "line": 1, "column": 12 },
            "end": { "line": 1, "column": null }
          }
        ]
      }
    },
    "s": { "0": 1, "1": 1, "2": 1, "3": 1, "4": 1 },
    "f": { "0": 1 },
    "b": { "0": [1, 1] }
  },
  "/Users/justinlee/Documents/my-portfolio/config/theme.enum.ts": {
    "path": "/Users/justinlee/Documents/my-portfolio/config/theme.enum.ts",
    "statementMap": {
      "0": {
        "start": { "line": 1, "column": 0 },
        "end": { "line": 1, "column": null }
      },
      "1": {
        "start": { "line": 2, "column": 2 },
        "end": { "line": 2, "column": null }
      },
      "2": {
        "start": { "line": 3, "column": 2 },
        "end": { "line": 3, "column": null }
      },
      "3": {
        "start": { "line": 4, "column": 2 },
        "end": { "line": 4, "column": null }
      },
      "4": {
        "start": { "line": 5, "column": 2 },
        "end": { "line": 5, "column": null }
      },
      "5": {
        "start": { "line": 6, "column": 2 },
        "end": { "line": 6, "column": null }
      }
    },
    "fnMap": {
      "0": {
        "name": "(anonymous_0)",
        "decl": {
          "start": { "line": 1, "column": 0 },
          "end": { "line": 1, "column": 12 }
        },
        "loc": {
          "start": { "line": 1, "column": 17 },
          "end": { "line": 7, "column": 1 }
        }
      }
    },
    "branchMap": {
      "0": {
        "loc": {
          "start": { "line": 1, "column": 12 },
          "end": { "line": 1, "column": null }
        },
        "type": "binary-expr",
        "locations": [
          {
            "start": { "line": 1, "column": 12 },
            "end": { "line": 1, "column": 17 }
          },
          {
            "start": { "line": 1, "column": 12 },
            "end": { "line": 1, "column": null }
          }
        ]
      }
    },
    "s": { "0": 1, "1": 1, "2": 1, "3": 1, "4": 1, "5": 1 },
    "f": { "0": 1 },
    "b": { "0": [1, 1] }
  }
}
