TN:
SF:config/font.enum.ts
FN:1,(anonymous_0)
FN:8,needsLoading
FNF:2
FNH:1
FNDA:2,(anonymous_0)
FNDA:0,needsLoading
DA:1,2
DA:2,2
DA:3,2
DA:4,2
DA:5,2
DA:8,2
DA:9,0
DA:12,0
DA:14,0
LF:9
LH:6
BRDA:1,0,0,2
BRDA:1,0,1,2
BRDA:9,1,0,0
BRDA:9,1,1,0
BRDA:9,1,2,0
BRF:5
BRH:2
end_of_record
TN:
SF:config/get-page-defaults.function.ts
FN:10,getPageDefaults
FN:20,setPageDefaults
FNF:2
FNH:2
FNDA:2,getPageDefaults
FNDA:1,setPageDefaults
DA:8,1
DA:10,1
DA:11,2
DA:13,2
DA:14,2
DA:16,0
DA:20,1
DA:21,1
LF:8
LH:7
BRF:0
BRH:0
end_of_record
TN:
SF:config/load-font.function.ts
FN:3,loadFont
FN:12,getFontUrl
FNF:2
FNH:2
FNDA:1,loadFont
FNDA:3,getFontUrl
DA:1,1
DA:3,1
DA:4,1
DA:5,1
DA:7,1
DA:9,1
DA:12,1
DA:13,3
DA:15,1
DA:17,0
DA:19,2
LF:11
LH:10
BRDA:13,0,0,1
BRDA:13,0,1,0
BRDA:13,0,2,2
BRF:3
BRH:2
end_of_record
TN:
SF:config/slide-animation.enum.ts
FN:1,(anonymous_0)
FNF:1
FNH:1
FNDA:1,(anonymous_0)
DA:1,1
DA:2,1
DA:3,1
DA:4,1
DA:5,1
LF:5
LH:5
BRDA:1,0,0,1
BRDA:1,0,1,1
BRF:2
BRH:2
end_of_record
TN:
SF:config/theme.enum.ts
FN:1,(anonymous_0)
FNF:1
FNH:1
FNDA:1,(anonymous_0)
DA:1,1
DA:2,1
DA:3,1
DA:4,1
DA:5,1
DA:6,1
LF:6
LH:6
BRDA:1,0,0,1
BRDA:1,0,1,1
BRF:2
BRH:2
end_of_record
